<?xml version="1.0" encoding="UTF-8"?>
<testng-results ignored="0" total="1" passed="1" failed="0" skipped="0">
  <reporter-output>
  </reporter-output>
  <suite started-at="2024-03-26T20:33:41 IST" name="Default suite" finished-at="2024-03-26T20:33:42 IST" duration-ms="773">
    <groups>
    </groups>
    <test started-at="2024-03-26T20:33:41 IST" name="Default test" finished-at="2024-03-26T20:33:42 IST" duration-ms="773">
      <class name="testcases.DataDriven">
        <test-method signature="getXLData()[pri:0, instance:testcases.DataDriven@37d4349f]" started-at="2024-03-26T20:33:41 IST" name="getXLData" finished-at="2024-03-26T20:33:42 IST" duration-ms="738" status="PASS">
          <reporter-output>
          </reporter-output>
        </test-method> <!-- getXLData -->
      </class> <!-- testcases.DataDriven -->
    </test> <!-- Default test -->
  </suite> <!-- Default suite -->
</testng-results>
